ID: eaf6a4c3-7caa-4c96-9647-9ed86cc4d343 | Time: 2025-05-28T09:37:13.853Z | Name: TypeError | Cause: Cannot read properties of undefined (reading 'property')
ID: 230e5ecd-6d8a-4a8f-af7d-0a42d3dc214d | Time: 2025-05-28T09:38:10.689Z | Name: TypeError | Cause: Cannot read properties of undefined (reading 'property')
ID: 9eb7a0ec-ce49-4164-990c-5b3030f74fc8 | Time: 2025-05-28T09:41:53.954Z | Name: TypeError | Cause: Cannot read properties of undefined (reading 'property')
ID: 25eef77e-c726-42ea-ad88-58d49e4e3f52 | Time: 2025-05-28T09:42:06.531Z | Name: TypeError | Cause: Cannot read properties of undefined (reading 'property')
ID: b7700b5f-624e-4aef-8d52-096c9882c4fa | Time: 2025-05-28T09:46:05.923Z | Name: TypeError | Cause: Cannot read properties of undefined (reading 'property')
ID: 6e9e8b17-bdc2-40a4-ba9b-688b771d5e6b | Time: 2025-05-28T09:48:01.012Z | Name: TypeError | Cause: Cannot read properties of undefined (reading 'property')
ID: 5141f7ed-0dac-49a9-b454-a3deac12ceed | Time: 2025-05-28T09:50:11.939Z | Name: TypeError | Cause: Cannot read properties of undefined (reading 'property')
ID: 1afee82d-0a29-426e-ace8-332d1345dbb3 | Time: 2025-05-28T09:50:47.902Z | Name: TypeError | Cause: Cannot read properties of undefined (reading 'property')
ID: aaafd55f-2ccb-4454-9029-b5cd4378ee23 | Time: 2025-05-28T10:06:53.689Z | Name: TypeError | Cause: Cannot read properties of undefined (reading 'property')
ID: 05eaaebc-f4ca-48ba-a342-5738e807f8c4 | Time: 2025-06-13T07:55:29.037Z | Name: Error | Cause: L敲들 test!
ID: b0589cee-f963-4483-a0bb-e5a88f69be14 | Time: 2025-06-13T07:56:06.320Z | Name: Error | Cause: L敲들 test!
ID: 47634d7d-d54a-4aa3-a4c8-edb528922826 | Time: 2025-06-13T07:56:07.283Z | Name: Error | Cause: L敲들 test!
ID: 7ca6817d-aa6e-434c-99fc-3f861e18ac2c | Time: 2025-06-13T07:56:08.207Z | Name: Error | Cause: L敲들 test!
ID: 39c1cc3e-a6ed-43d8-88c2-b3653ab73a51 | Time: 2025-06-17T13:29:11.418Z | Name: TypeError | Cause: useState only works in Client Components. Add the "use client" directive at the top of the file to use it. Read more: https://nextjs.org/docs/messages/react-client-hook-in-server-component
ID: 6e39215f-ebad-47e9-98eb-c02229bb10b9 | Time: 2025-06-17T13:52:16.553Z | Name: TypeError | Cause: useState only works in Client Components. Add the "use client" directive at the top of the file to use it. Read more: https://nextjs.org/docs/messages/react-client-hook-in-server-component
ID: ab020cc7-258d-4a0b-8575-0d824d7c3a13 | Time: 2025-06-17T13:52:48.278Z | Name: TypeError | Cause: Cannot read properties of undefined (reading 'subscribe')
ID: 6a8b497d-4e42-4592-a30f-a1c3b49e0b97 | Time: 2025-06-17T13:52:50.370Z | Name: TypeError | Cause: Cannot read properties of undefined (reading 'subscribe')
ID: 79ac1a88-bb05-43f0-86cf-4690de02946c | Time: 2025-06-17T13:57:17.212Z | Name: TypeError | Cause: Cannot read properties of undefined (reading 'subscribe')
ID: f2433c8e-462b-4d33-991f-89ad6921a5c6 | Time: 2025-06-17T14:23:39.347Z | Name: TypeError | Cause: Cannot read properties of undefined (reading 'trim')
ID: 14aafa15-e4c0-4da1-b2bf-fd4ce6f32c3d | Time: 2025-06-17T15:23:47.563Z | Name: ReferenceError | Cause: flase is not defined
ID: fa1c8ec8-b2a4-4b93-aec7-c31d44015704 | Time: 2025-06-17T15:27:23.351Z | Name: ReferenceError | Cause: LockKeyhole is not defined
ID: 8468645a-7a56-4260-bbec-f5ade156c25d | Time: 2025-06-18T09:35:23.627Z | Name: Error | Cause: Element type is invalid: expected a string (for built-in components) or a class/function (for composite components) but got: object. You likely forgot to export your component from the file it's defined in, or you might have mixed up default and named imports.

Check the render method of `ListUserPages`.
ID: a16eab5d-5471-4b2e-a4df-fabdb7bd63b7 | Time: 2025-06-18T10:09:12.479Z | Name: ReferenceError | Cause: React is not defined
ID: 846606fa-fb85-42d9-931e-7eb70ac75410 | Time: 2025-06-18T10:27:57.812Z | Name: ReferenceError | Cause: onClick is not defined
ID: 63d7c9e3-b647-424a-9a16-470258e8f065 | Time: 2025-06-18T10:51:34.897Z | Name: Error | Cause: Invalid hook call. Hooks can only be called inside of the body of a function component. This could happen for one of the following reasons:
1. You might have mismatching versions of React and the renderer (such as React DOM)
2. You might be breaking the Rules of Hooks
3. You might have more than one copy of React in the same app
See https://react.dev/link/invalid-hook-call for tips about how to debug and fix this problem.
ID: 6e1f12d9-e363-40fa-b197-6533b60cb9cf | Time: 2025-06-18T10:51:43.929Z | Name: Error | Cause: Invalid hook call. Hooks can only be called inside of the body of a function component. This could happen for one of the following reasons:
1. You might have mismatching versions of React and the renderer (such as React DOM)
2. You might be breaking the Rules of Hooks
3. You might have more than one copy of React in the same app
See https://react.dev/link/invalid-hook-call for tips about how to debug and fix this problem.
ID: 665e19e3-3587-4a4d-8f5e-87a65d9b77f5 | Time: 2025-06-18T11:53:56.541Z | Name: ReferenceError | Cause: handleFilterChange is not defined
ID: 65d5decd-612b-459d-86b9-3c1147cf7aca | Time: 2025-06-19T09:18:23.655Z | Name: TypeError | Cause: Cannot read properties of undefined (reading 'trim')
ID: 0a794450-c51b-49ad-9492-d4165321f6b4 | Time: 2025-06-19T09:41:55.910Z | Name: TypeError | Cause: Cannot read properties of undefined (reading 'trim')
ID: 5bcadef0-9362-4cee-b057-2886e1527a2b | Time: 2025-06-19T09:45:25.225Z | Name: TypeError | Cause: Cannot read properties of undefined (reading 'trim')
ID: ace1da81-4c09-43de-a0a7-99ea6f714195 | Time: 2025-06-20T04:21:42.131Z | Name: ReferenceError | Cause: user is not defined
ID: d9e88b62-3689-4871-a2ba-628b5f76d04e | Time: 2025-06-20T04:26:06.840Z | Name: ReferenceError | Cause: users is not defined
ID: ac3359e1-ed6f-48a5-abeb-c7f47fa26c90 | Time: 2025-06-21T06:11:10.877Z | Name: Error | Cause: Objects are not valid as a React child (found: object with keys {$$typeof, render}). If you meant to render a collection of children, use an array instead.
ID: 00f43cef-e6e1-4b12-a296-df566885a3d5 | Time: 2025-06-21T09:04:17.395Z | Name: ReferenceError | Cause: useMemo is not defined
ID: 2f318b1a-a324-4894-8b7e-79f0f461ca2c | Time: 2025-06-21T09:07:48.433Z | Name: ReferenceError | Cause: React is not defined
ID: dea13a80-cebd-4219-93e1-1abc0a73c9c8 | Time: 2025-06-21T09:44:35.660Z | Name: Error | Cause: Element type is invalid: expected a string (for built-in components) or a class/function (for composite components) but got: object. You likely forgot to export your component from the file it's defined in, or you might have mixed up default and named imports.

Check the render method of `ListUserPages`.
ID: fbeedd1f-9be4-438f-905b-0364d58f5488 | Time: 2025-06-21T09:49:11.642Z | Name: ReferenceError | Cause: DetailedLock is not defined
ID: 58907a24-53a7-49b3-a0ad-d57f4be9a9b8 | Time: 2025-06-21T09:49:15.917Z | Name: ReferenceError | Cause: DetailedLock is not defined
ID: f7e74ac7-5378-4431-983f-bfdbc308bb19 | Time: 2025-06-21T09:49:18.699Z | Name: ReferenceError | Cause: DetailedLock is not defined
ID: 797b14bb-a948-420b-b54c-e990bd3e2709 | Time: 2025-06-21T09:49:36.797Z | Name: ReferenceError | Cause: DetailedLock is not defined
ID: b91abcfd-630b-4daf-9364-6b10ab55a439 | Time: 2025-06-21T09:50:36.587Z | Name: ReferenceError | Cause: DetailedLock is not defined
ID: 168bd2a5-aa09-4f6e-9bbf-01db957bf554 | Time: 2025-06-21T09:51:09.911Z | Name: ReferenceError | Cause: DetailedLock is not defined
ID: f1fbeff4-4d0b-4546-b0b1-8cccf8682f48 | Time: 2025-06-21T09:52:49.378Z | Name: ReferenceError | Cause: DetailedLock is not defined
ID: 84df1252-d884-46a4-864a-102dd9f5ff05 | Time: 2025-06-21T10:07:46.673Z | Name: ReferenceError | Cause: user is not defined
ID: 1d51f1c1-035b-4e5c-8227-b73ff0e98a4d | Time: 2025-06-21T10:37:15.622Z | Name: ReferenceError | Cause: lo is not defined
ID: 33304908-328a-4b76-ba9e-034b9281059f | Time: 2025-06-21T13:34:32.326Z | Name: ReferenceError | Cause: user is not defined
ID: 507d5b53-04b7-46bc-a2ee-747fa5eef977 | Time: 2025-06-21T13:35:10.327Z | Name: ReferenceError | Cause: id is not defined
ID: 002cb00e-12f3-4883-ad19-222e7f56ce2a | Time: 2025-06-22T02:58:15.147Z | Name: TypeError | Cause: Cannot read properties of undefined (reading 'name')
ID: 8c047c23-76c0-4af3-985a-ce3bb5a3918e | Time: 2025-06-22T03:40:57.704Z | Name: ReferenceError | Cause: id is not defined
ID: 2910057e-106e-4921-91fb-8da0890698f4 | Time: 2025-06-22T03:41:18.344Z | Name: TypeError | Cause: Cannot read properties of undefined (reading 'id')
ID: 9f805267-767f-4f49-aee0-c4ddfeaba80d | Time: 2025-06-22T03:41:24.094Z | Name: TypeError | Cause: Cannot read properties of undefined (reading 'id')
ID: 80872c55-7176-40ef-abd7-e20d74bb4a00 | Time: 2025-06-22T03:41:24.579Z | Name: TypeError | Cause: Cannot read properties of undefined (reading 'id')
ID: 00baab5a-8fd6-47d9-87fe-a1adb2dc3015 | Time: 2025-06-22T03:41:24.820Z | Name: TypeError | Cause: Cannot read properties of undefined (reading 'id')
ID: 1a233b0a-d56c-449e-b1ae-c1acce255765 | Time: 2025-06-22T03:42:07.103Z | Name: TypeError | Cause: Cannot read properties of undefined (reading 'id')
ID: fc13bbb5-93e7-4f6c-9fb3-ad0f2f32e3c0 | Time: 2025-06-22T03:45:22.955Z | Name: TypeError | Cause: Cannot read properties of undefined (reading 'id')
ID: 617a98e6-8a81-4a83-9867-43dcc5e5be45 | Time: 2025-06-22T03:49:45.889Z | Name: TypeError | Cause: Cannot read properties of undefined (reading 'id')
ID: 598a6b38-d7e5-4881-9cb1-324217d0e8d1 | Time: 2025-06-22T03:49:53.621Z | Name: TypeError | Cause: Cannot read properties of undefined (reading 'id')
ID: ebc02ab1-a2cd-4b5b-a079-e614b30dbd43 | Time: 2025-06-22T03:51:04.070Z | Name: TypeError | Cause: Cannot read properties of undefined (reading 'id')
ID: 42cecbb3-177f-4581-ac00-3c5e70a7c458 | Time: 2025-06-22T03:51:25.381Z | Name: TypeError | Cause: Cannot read properties of undefined (reading 'id')
ID: d6d6b15e-3919-40d9-a40a-bea5d1859417 | Time: 2025-06-22T09:28:43.603Z | Name: Error | Cause: Element type is invalid: expected a string (for built-in components) or a class/function (for composite components) but got: object. You likely forgot to export your component from the file it's defined in, or you might have mixed up default and named imports.

Check the render method of `ListUserPages`.
ID: 01ab4ac0-27ed-41a9-8740-941ea44d9779 | Time: 2025-06-22T09:39:32.542Z | Name: TypeError | Cause: Cannot read properties of undefined (reading 'name')
ID: 7321af72-8ea8-479b-bb0b-54e622135db0 | Time: 2025-06-22T09:44:04.195Z | Name: TypeError | Cause: Cannot read properties of undefined (reading 'role')
ID: 8061b357-cb70-4e40-a215-174306752113 | Time: 2025-06-22T09:44:06.423Z | Name: TypeError | Cause: Cannot read properties of undefined (reading 'role')
ID: 0ee373a2-dadc-4d02-b1f4-c27072edc580 | Time: 2025-06-22T10:14:31.452Z | Name: ReferenceError | Cause: FormatRole is not defined
ID: f368adb9-2776-415b-8381-0b16d3833e64 | Time: 2025-06-22T14:25:30.081Z | Name: Error | Cause: Invalid hook call. Hooks can only be called inside of the body of a function component. This could happen for one of the following reasons:
1. You might have mismatching versions of React and the renderer (such as React DOM)
2. You might be breaking the Rules of Hooks
3. You might have more than one copy of React in the same app
See https://react.dev/link/invalid-hook-call for tips about how to debug and fix this problem.
ID: 8e858e31-2788-4ba6-9f97-110359e66e23 | Time: 2025-06-22T14:25:38.044Z | Name: Error | Cause: Invalid hook call. Hooks can only be called inside of the body of a function component. This could happen for one of the following reasons:
1. You might have mismatching versions of React and the renderer (such as React DOM)
2. You might be breaking the Rules of Hooks
3. You might have more than one copy of React in the same app
See https://react.dev/link/invalid-hook-call for tips about how to debug and fix this problem.
ID: 4efa921f-7626-4db0-91a4-fa4899a30267 | Time: 2025-06-22T14:25:38.185Z | Name: Error | Cause: Invalid hook call. Hooks can only be called inside of the body of a function component. This could happen for one of the following reasons:
1. You might have mismatching versions of React and the renderer (such as React DOM)
2. You might be breaking the Rules of Hooks
3. You might have more than one copy of React in the same app
See https://react.dev/link/invalid-hook-call for tips about how to debug and fix this problem.
ID: 6997dde0-a3ee-4a6a-959e-c86bc8fa02d9 | Time: 2025-06-23T01:44:23.684Z | Name: Error | Cause: Invalid hook call. Hooks can only be called inside of the body of a function component. This could happen for one of the following reasons:
1. You might have mismatching versions of React and the renderer (such as React DOM)
2. You might be breaking the Rules of Hooks
3. You might have more than one copy of React in the same app
See https://react.dev/link/invalid-hook-call for tips about how to debug and fix this problem.
ID: 9a670cc2-0448-4fa7-a9cf-2cf62c4d76d3 | Time: 2025-06-23T07:24:34.263Z | Name: Error | Cause: Invalid hook call. Hooks can only be called inside of the body of a function component. This could happen for one of the following reasons:
1. You might have mismatching versions of React and the renderer (such as React DOM)
2. You might be breaking the Rules of Hooks
3. You might have more than one copy of React in the same app
See https://react.dev/link/invalid-hook-call for tips about how to debug and fix this problem.
ID: d203a56f-295b-47c6-b831-5baa9faab65f | Time: 2025-06-23T07:24:43.849Z | Name: Error | Cause: Invalid hook call. Hooks can only be called inside of the body of a function component. This could happen for one of the following reasons:
1. You might have mismatching versions of React and the renderer (such as React DOM)
2. You might be breaking the Rules of Hooks
3. You might have more than one copy of React in the same app
See https://react.dev/link/invalid-hook-call for tips about how to debug and fix this problem.
ID: 8a90bce1-ad34-4837-9ede-c94164c34910 | Time: 2025-06-23T07:25:26.205Z | Name: Error | Cause: Invalid hook call. Hooks can only be called inside of the body of a function component. This could happen for one of the following reasons:
1. You might have mismatching versions of React and the renderer (such as React DOM)
2. You might be breaking the Rules of Hooks
3. You might have more than one copy of React in the same app
See https://react.dev/link/invalid-hook-call for tips about how to debug and fix this problem.
ID: 8c3b07db-5510-429d-b1f7-a7b4eb7ce7c5 | Time: 2025-06-23T07:44:22.932Z | Name: Error | Cause: Invalid hook call. Hooks can only be called inside of the body of a function component. This could happen for one of the following reasons:
1. You might have mismatching versions of React and the renderer (such as React DOM)
2. You might be breaking the Rules of Hooks
3. You might have more than one copy of React in the same app
See https://react.dev/link/invalid-hook-call for tips about how to debug and fix this problem.
ID: 1f5d918f-6d6a-4f75-a717-d0c194f06630 | Time: 2025-06-23T08:18:44.433Z | Name: TypeError | Cause: Failed to construct 'Notification': Please use the 'new' operator, this DOM object constructor cannot be called as a function.
ID: dde852ea-df0b-4fba-982f-d03ca221ee17 | Time: 2025-06-23T08:29:10.576Z | Name: TypeError | Cause: Cannot read properties of undefined (reading 'duration')
ID: df600f3c-a7c8-4d22-b066-33b3edfcd871 | Time: 2025-06-23T16:15:53.317Z | Name: TypeError | Cause: Cannot read properties of undefined (reading 'toLowerCase')
ID: 26ace5d1-cbac-484f-9e18-f54a08095dde | Time: 2025-06-25T10:56:14.770Z | Name: ReferenceError | Cause: listUser is not defined
ID: de7895dd-5f50-4eb3-b9eb-14d27c0b1cef | Time: 2025-06-25T10:56:19.988Z | Name: TypeError | Cause: Cannot read properties of undefined (reading 'length')
ID: 8044636a-1e85-4713-891d-f2c51720f243 | Time: 2025-06-25T11:01:40.328Z | Name: ReferenceError | Cause: listUser is not defined
ID: 8d61962c-99f9-4397-9512-93c0e577d625 | Time: 2025-06-25T11:01:47.179Z | Name: TypeError | Cause: Cannot read properties of undefined (reading 'filter')
ID: b50b6d87-a7de-4073-9d56-72bb221f64a5 | Time: 2025-06-25T11:02:05.281Z | Name: ReferenceError | Cause: listUser is not defined
ID: 1f4c86fb-14b4-44b1-93ae-022ceb67c7c5 | Time: 2025-06-25T11:02:12.118Z | Name: TypeError | Cause: Cannot read properties of undefined (reading 'filter')
